# Logfile created on 2014-01-06 09:27:58 -0300 by logger.rb/44203
I, [2014-01-06T09:27:58.826067 #30327]  INFO -- : 0:  rake (10.1.1) from /home/ismael/.rbenv/versions/2.1.0/lib/ruby/gems/2.1.0/specifications/rake-10.1.1.gemspec
I, [2014-01-06T09:27:58.826404 #30327]  INFO -- : 0:  Ascii85 (1.0.2) from /home/ismael/.rbenv/versions/2.1.0/lib/ruby/gems/2.1.0/specifications/Ascii85-1.0.2.gemspec
I, [2014-01-06T09:27:58.826677 #30327]  INFO -- : 0:  RedCloth (4.2.9) from /home/ismael/.rbenv/versions/2.1.0/lib/ruby/gems/2.1.0/specifications/RedCloth-4.2.9.gemspec
I, [2014-01-06T09:27:58.826943 #30327]  INFO -- : 0:  i18n (0.6.9) from /home/ismael/.rbenv/versions/2.1.0/lib/ruby/gems/2.1.0/specifications/i18n-0.6.9.gemspec
I, [2014-01-06T09:27:58.827206 #30327]  INFO -- : 0:  minitest (4.7.5) from /home/ismael/.rbenv/versions/2.1.0/lib/ruby/gems/2.1.0/specifications/default/minitest-4.7.5.gemspec
I, [2014-01-06T09:27:58.827463 #30327]  INFO -- : 0:  multi_json (1.8.2) from /home/ismael/.rbenv/versions/2.1.0/lib/ruby/gems/2.1.0/specifications/multi_json-1.8.2.gemspec
I, [2014-01-06T09:27:58.827727 #30327]  INFO -- : 0:  atomic (1.1.14) from /home/ismael/.rbenv/versions/2.1.0/lib/ruby/gems/2.1.0/specifications/atomic-1.1.14.gemspec
I, [2014-01-06T09:27:58.827981 #30327]  INFO -- : 0:  thread_safe (0.1.3) from /home/ismael/.rbenv/versions/2.1.0/lib/ruby/gems/2.1.0/specifications/thread_safe-0.1.3.gemspec
I, [2014-01-06T09:27:58.828253 #30327]  INFO -- : 0:  tzinfo (0.3.38) from /home/ismael/.rbenv/versions/2.1.0/lib/ruby/gems/2.1.0/specifications/tzinfo-0.3.38.gemspec
I, [2014-01-06T09:27:58.828501 #30327]  INFO -- : 0:  activesupport (4.0.2) from /home/ismael/.rbenv/versions/2.1.0/lib/ruby/gems/2.1.0/specifications/activesupport-4.0.2.gemspec
I, [2014-01-06T09:27:58.828753 #30327]  INFO -- : 0:  builder (3.1.4) from /home/ismael/.rbenv/versions/2.1.0/lib/ruby/gems/2.1.0/specifications/builder-3.1.4.gemspec
I, [2014-01-06T09:27:58.828998 #30327]  INFO -- : 0:  erubis (2.7.0) from /home/ismael/.rbenv/versions/2.1.0/lib/ruby/gems/2.1.0/specifications/erubis-2.7.0.gemspec
I, [2014-01-06T09:27:58.829250 #30327]  INFO -- : 0:  rack (1.5.2) from /home/ismael/.rbenv/versions/2.1.0/lib/ruby/gems/2.1.0/specifications/rack-1.5.2.gemspec
I, [2014-01-06T09:27:58.829494 #30327]  INFO -- : 0:  rack-test (0.6.2) from /home/ismael/.rbenv/versions/2.1.0/lib/ruby/gems/2.1.0/specifications/rack-test-0.6.2.gemspec
I, [2014-01-06T09:27:58.829739 #30327]  INFO -- : 0:  actionpack (4.0.2) from /home/ismael/.rbenv/versions/2.1.0/lib/ruby/gems/2.1.0/specifications/actionpack-4.0.2.gemspec
I, [2014-01-06T09:27:58.830002 #30327]  INFO -- : 0:  mime-types (1.25.1) from /home/ismael/.rbenv/versions/2.1.0/lib/ruby/gems/2.1.0/specifications/mime-types-1.25.1.gemspec
I, [2014-01-06T09:27:58.830244 #30327]  INFO -- : 0:  polyglot (0.3.3) from /home/ismael/.rbenv/versions/2.1.0/lib/ruby/gems/2.1.0/specifications/polyglot-0.3.3.gemspec
I, [2014-01-06T09:27:58.830480 #30327]  INFO -- : 0:  treetop (1.4.15) from /home/ismael/.rbenv/versions/2.1.0/lib/ruby/gems/2.1.0/specifications/treetop-1.4.15.gemspec
I, [2014-01-06T09:27:58.830733 #30327]  INFO -- : 0:  mail (2.5.4) from /home/ismael/.rbenv/versions/2.1.0/lib/ruby/gems/2.1.0/specifications/mail-2.5.4.gemspec
I, [2014-01-06T09:27:58.830980 #30327]  INFO -- : 0:  actionmailer (4.0.2) from /home/ismael/.rbenv/versions/2.1.0/lib/ruby/gems/2.1.0/specifications/actionmailer-4.0.2.gemspec
I, [2014-01-06T09:27:58.831222 #30327]  INFO -- : 0:  activemodel (4.0.2) from /home/ismael/.rbenv/versions/2.1.0/lib/ruby/gems/2.1.0/specifications/activemodel-4.0.2.gemspec
I, [2014-01-06T09:27:58.831461 #30327]  INFO -- : 0:  activerecord-deprecated_finders (1.0.3) from /home/ismael/.rbenv/versions/2.1.0/lib/ruby/gems/2.1.0/specifications/activerecord-deprecated_finders-1.0.3.gemspec
I, [2014-01-06T09:27:58.831709 #30327]  INFO -- : 0:  arel (4.0.1) from /home/ismael/.rbenv/versions/2.1.0/lib/ruby/gems/2.1.0/specifications/arel-4.0.1.gemspec
I, [2014-01-06T09:27:58.831955 #30327]  INFO -- : 0:  activerecord (4.0.2) from /home/ismael/.rbenv/versions/2.1.0/lib/ruby/gems/2.1.0/specifications/activerecord-4.0.2.gemspec
I, [2014-01-06T09:27:58.832211 #30327]  INFO -- : 0:  acts_as_tree (1.5.0) from /home/ismael/.rbenv/versions/2.1.0/lib/ruby/gems/2.1.0/specifications/acts_as_tree-1.5.0.gemspec
I, [2014-01-06T09:27:58.832452 #30327]  INFO -- : 0:  afm (0.2.0) from /home/ismael/.rbenv/versions/2.1.0/lib/ruby/gems/2.1.0/specifications/afm-0.2.0.gemspec
I, [2014-01-06T09:27:58.832700 #30327]  INFO -- : 0:  ansi (1.4.3) from /home/ismael/.rbenv/versions/2.1.0/lib/ruby/gems/2.1.0/specifications/ansi-1.4.3.gemspec
I, [2014-01-06T09:27:58.832940 #30327]  INFO -- : 0:  bundler (1.5.1) from /home/ismael/.rbenv/versions/2.1.0/lib/ruby/gems/2.1.0/specifications/bundler-1.5.1.gemspec
I, [2014-01-06T09:27:58.833178 #30327]  INFO -- : 0:  net-ssh (2.7.0) from /home/ismael/.rbenv/versions/2.1.0/lib/ruby/gems/2.1.0/specifications/net-ssh-2.7.0.gemspec
I, [2014-01-06T09:27:58.833416 #30327]  INFO -- : 0:  net-scp (1.1.2) from /home/ismael/.rbenv/versions/2.1.0/lib/ruby/gems/2.1.0/specifications/net-scp-1.1.2.gemspec
I, [2014-01-06T09:27:58.833658 #30327]  INFO -- : 0:  tins (0.13.1) from /home/ismael/.rbenv/versions/2.1.0/lib/ruby/gems/2.1.0/specifications/tins-0.13.1.gemspec
I, [2014-01-06T09:27:58.834048 #30327]  INFO -- : 0:  term-ansicolor (1.2.2) from /home/ismael/.rbenv/versions/2.1.0/lib/ruby/gems/2.1.0/specifications/term-ansicolor-1.2.2.gemspec
I, [2014-01-06T09:27:58.834433 #30327]  INFO -- : 0:  sshkit (1.2.0) from /home/ismael/.rbenv/versions/2.1.0/lib/ruby/gems/2.1.0/specifications/sshkit-1.2.0.gemspec
I, [2014-01-06T09:27:58.834705 #30327]  INFO -- : 0:  capistrano (3.0.1) from /home/ismael/.rbenv/versions/2.1.0/lib/ruby/gems/2.1.0/specifications/capistrano-3.0.1.gemspec
I, [2014-01-06T09:27:58.834949 #30327]  INFO -- : 0:  capistrano-bundler (1.1.1) from /home/ismael/.rbenv/versions/2.1.0/lib/ruby/gems/2.1.0/specifications/capistrano-bundler-1.1.1.gemspec
I, [2014-01-06T09:27:58.835193 #30327]  INFO -- : 0:  capistrano-rails (1.1.0) from /home/ismael/.rbenv/versions/2.1.0/lib/ruby/gems/2.1.0/specifications/capistrano-rails-1.1.0.gemspec
I, [2014-01-06T09:27:58.835447 #30327]  INFO -- : 0:  capistrano-rbenv (2.0.0) from /home/ismael/.rbenv/versions/2.1.0/lib/ruby/gems/2.1.0/specifications/capistrano-rbenv-2.0.0.gemspec
I, [2014-01-06T09:27:58.835695 #30327]  INFO -- : 0:  json (1.8.1) from /home/ismael/.rbenv/versions/2.1.0/lib/ruby/gems/2.1.0/specifications/default/json-1.8.1.gemspec
I, [2014-01-06T09:27:58.835951 #30327]  INFO -- : 0:  carrierwave (0.9.0) from /home/ismael/.rbenv/versions/2.1.0/lib/ruby/gems/2.1.0/specifications/carrierwave-0.9.0.gemspec
I, [2014-01-06T09:27:58.836212 #30327]  INFO -- : 0:  chronic (0.10.2) from /home/ismael/.rbenv/versions/2.1.0/lib/ruby/gems/2.1.0/specifications/chronic-0.10.2.gemspec
I, [2014-01-06T09:27:58.836461 #30327]  INFO -- : 0:  coffee-script-source (1.6.3) from /home/ismael/.rbenv/versions/2.1.0/lib/ruby/gems/2.1.0/specifications/coffee-script-source-1.6.3.gemspec
I, [2014-01-06T09:27:58.836733 #30327]  INFO -- : 0:  execjs (2.0.2) from /home/ismael/.rbenv/versions/2.1.0/lib/ruby/gems/2.1.0/specifications/execjs-2.0.2.gemspec
I, [2014-01-06T09:27:58.836976 #30327]  INFO -- : 0:  coffee-script (2.2.0) from /home/ismael/.rbenv/versions/2.1.0/lib/ruby/gems/2.1.0/specifications/coffee-script-2.2.0.gemspec
I, [2014-01-06T09:27:58.837220 #30327]  INFO -- : 0:  thor (0.18.1) from /home/ismael/.rbenv/versions/2.1.0/lib/ruby/gems/2.1.0/specifications/thor-0.18.1.gemspec
I, [2014-01-06T09:27:58.837481 #30327]  INFO -- : 0:  railties (4.0.2) from /home/ismael/.rbenv/versions/2.1.0/lib/ruby/gems/2.1.0/specifications/railties-4.0.2.gemspec
I, [2014-01-06T09:27:58.837722 #30327]  INFO -- : 0:  coffee-rails (4.0.1) from /home/ismael/.rbenv/versions/2.1.0/lib/ruby/gems/2.1.0/specifications/coffee-rails-4.0.1.gemspec
I, [2014-01-06T09:27:58.837972 #30327]  INFO -- : 0:  dalli (2.6.4) from /home/ismael/.rbenv/versions/2.1.0/lib/ruby/gems/2.1.0/specifications/dalli-2.6.4.gemspec
I, [2014-01-06T09:27:58.838220 #30327]  INFO -- : 0:  dynamic_form (1.1.4) from /home/ismael/.rbenv/versions/2.1.0/lib/ruby/gems/2.1.0/specifications/dynamic_form-1.1.4.gemspec
I, [2014-01-06T09:27:58.838471 #30327]  INFO -- : 0:  foreigner (1.6.0) from /home/ismael/.rbenv/versions/2.1.0/lib/ruby/gems/2.1.0/specifications/foreigner-1.6.0.gemspec
I, [2014-01-06T09:27:58.838716 #30327]  INFO -- : 0:  hashery (2.1.1) from /home/ismael/.rbenv/versions/2.1.0/lib/ruby/gems/2.1.0/specifications/hashery-2.1.1.gemspec
I, [2014-01-06T09:27:58.838978 #30327]  INFO -- : 0:  hike (1.2.3) from /home/ismael/.rbenv/versions/2.1.0/lib/ruby/gems/2.1.0/specifications/hike-1.2.3.gemspec
I, [2014-01-06T09:27:58.839218 #30327]  INFO -- : 0:  jquery-rails (3.0.4) from /home/ismael/.rbenv/versions/2.1.0/lib/ruby/gems/2.1.0/specifications/jquery-rails-3.0.4.gemspec
I, [2014-01-06T09:27:58.839468 #30327]  INFO -- : 0:  jquery-ui-rails (4.1.1) from /home/ismael/.rbenv/versions/2.1.0/lib/ruby/gems/2.1.0/specifications/jquery-ui-rails-4.1.1.gemspec
I, [2014-01-06T09:27:58.839714 #30327]  INFO -- : 0:  kgio (2.8.1) from /home/ismael/.rbenv/versions/2.1.0/lib/ruby/gems/2.1.0/specifications/kgio-2.8.1.gemspec
I, [2014-01-06T09:27:58.839952 #30327]  INFO -- : 0:  subexec (0.2.3) from /home/ismael/.rbenv/versions/2.1.0/lib/ruby/gems/2.1.0/specifications/subexec-0.2.3.gemspec
I, [2014-01-06T09:27:58.840195 #30327]  INFO -- : 0:  mini_magick (3.7.0) from /home/ismael/.rbenv/versions/2.1.0/lib/ruby/gems/2.1.0/specifications/mini_magick-3.7.0.gemspec
I, [2014-01-06T09:27:58.840438 #30327]  INFO -- : 0:  newrelic_rpm (3.7.1.182) from /home/ismael/.rbenv/versions/2.1.0/lib/ruby/gems/2.1.0/specifications/newrelic_rpm-3.7.1.182.gemspec
I, [2014-01-06T09:27:58.840700 #30327]  INFO -- : 0:  paper_trail (3.0.0) from /home/ismael/.rbenv/versions/2.1.0/lib/ruby/gems/2.1.0/specifications/paper_trail-3.0.0.gemspec
I, [2014-01-06T09:27:58.840942 #30327]  INFO -- : 0:  ruby-rc4 (0.1.5) from /home/ismael/.rbenv/versions/2.1.0/lib/ruby/gems/2.1.0/specifications/ruby-rc4-0.1.5.gemspec
I, [2014-01-06T09:27:58.841197 #30327]  INFO -- : 0:  ttfunk (1.0.3) from /home/ismael/.rbenv/versions/2.1.0/lib/ruby/gems/2.1.0/specifications/ttfunk-1.0.3.gemspec
I, [2014-01-06T09:27:58.841435 #30327]  INFO -- : 0:  pdf-reader (1.3.3) from /home/ismael/.rbenv/versions/2.1.0/lib/ruby/gems/2.1.0/specifications/pdf-reader-1.3.3.gemspec
I, [2014-01-06T09:27:58.841680 #30327]  INFO -- : 0:  pg (0.17.1) from /home/ismael/.rbenv/versions/2.1.0/lib/ruby/gems/2.1.0/specifications/pg-0.17.1.gemspec
I, [2014-01-06T09:27:58.841934 #30327]  INFO -- : 0:  prawn (0.13.1) from /home/ismael/.rbenv/versions/2.1.0/lib/ruby/gems/2.1.0/specifications/prawn-0.13.1.gemspec
I, [2014-01-06T09:27:58.842176 #30327]  INFO -- : 0:  tilt (1.4.1) from /home/ismael/.rbenv/versions/2.1.0/lib/ruby/gems/2.1.0/specifications/tilt-1.4.1.gemspec
I, [2014-01-06T09:27:58.842415 #30327]  INFO -- : 0:  sprockets (2.10.1) from /home/ismael/.rbenv/versions/2.1.0/lib/ruby/gems/2.1.0/specifications/sprockets-2.10.1.gemspec
I, [2014-01-06T09:27:58.842671 #30327]  INFO -- : 0:  sprockets-rails (2.0.1) from /home/ismael/.rbenv/versions/2.1.0/lib/ruby/gems/2.1.0/specifications/sprockets-rails-2.0.1.gemspec
I, [2014-01-06T09:27:58.842912 #30327]  INFO -- : 0:  rails (4.0.2) from /home/ismael/.rbenv/versions/2.1.0/lib/ruby/gems/2.1.0/specifications/rails-4.0.2.gemspec
I, [2014-01-06T09:27:58.843157 #30327]  INFO -- : 0:  raindrops (0.12.0) from /home/ismael/.rbenv/versions/2.1.0/lib/ruby/gems/2.1.0/specifications/raindrops-0.12.0.gemspec
I, [2014-01-06T09:27:58.843411 #30327]  INFO -- : 0:  rubyzip (1.1.0) from /home/ismael/.rbenv/versions/2.1.0/lib/ruby/gems/2.1.0/specifications/rubyzip-1.1.0.gemspec
I, [2014-01-06T09:27:58.843660 #30327]  INFO -- : 0:  sass (3.2.13) from /home/ismael/.rbenv/versions/2.1.0/lib/ruby/gems/2.1.0/specifications/sass-3.2.13.gemspec
I, [2014-01-06T09:27:58.844071 #30327]  INFO -- : 0:  sass-rails (4.0.1) from /home/ismael/.rbenv/versions/2.1.0/lib/ruby/gems/2.1.0/specifications/sass-rails-4.0.1.gemspec
I, [2014-01-06T09:27:58.844399 #30327]  INFO -- : 0:  simple_form (3.0.1) from /home/ismael/.rbenv/versions/2.1.0/lib/ruby/gems/2.1.0/specifications/simple_form-3.0.1.gemspec
I, [2014-01-06T09:27:58.844667 #30327]  INFO -- : 0:  timecop (0.7.1) from /home/ismael/.rbenv/versions/2.1.0/lib/ruby/gems/2.1.0/specifications/timecop-0.7.1.gemspec
I, [2014-01-06T09:27:58.844921 #30327]  INFO -- : 0:  timeliness (0.3.7) from /home/ismael/.rbenv/versions/2.1.0/lib/ruby/gems/2.1.0/specifications/timeliness-0.3.7.gemspec
I, [2014-01-06T09:27:58.845180 #30327]  INFO -- : 0:  turn (0.9.6) from /home/ismael/.rbenv/versions/2.1.0/lib/ruby/gems/2.1.0/specifications/turn-0.9.6.gemspec
I, [2014-01-06T09:27:58.845509 #30327]  INFO -- : 0:  uglifier (2.4.0) from /home/ismael/.rbenv/versions/2.1.0/lib/ruby/gems/2.1.0/specifications/uglifier-2.4.0.gemspec
I, [2014-01-06T09:27:58.845781 #30327]  INFO -- : 0:  unicode (0.4.4) from /home/ismael/.rbenv/versions/2.1.0/lib/ruby/gems/2.1.0/specifications/unicode-0.4.4.gemspec
I, [2014-01-06T09:27:58.846034 #30327]  INFO -- : 0:  unicorn (4.7.0) from /home/ismael/.rbenv/versions/2.1.0/lib/ruby/gems/2.1.0/specifications/unicorn-4.7.0.gemspec
I, [2014-01-06T09:27:58.846291 #30327]  INFO -- : 0:  unicorn-rails (1.1.0) from /home/ismael/.rbenv/versions/2.1.0/lib/ruby/gems/2.1.0/specifications/unicorn-rails-1.1.0.gemspec
I, [2014-01-06T09:27:58.846548 #30327]  INFO -- : 0:  uuidtools (2.1.4) from /home/ismael/.rbenv/versions/2.1.0/lib/ruby/gems/2.1.0/specifications/uuidtools-2.1.4.gemspec
I, [2014-01-06T09:27:58.846792 #30327]  INFO -- : 0:  validates_timeliness (3.0.14) from /home/ismael/.rbenv/versions/2.1.0/lib/ruby/gems/2.1.0/specifications/validates_timeliness-3.0.14.gemspec
I, [2014-01-06T09:27:58.847049 #30327]  INFO -- : 0:  whenever (0.9.0) from /home/ismael/.rbenv/versions/2.1.0/lib/ruby/gems/2.1.0/specifications/whenever-0.9.0.gemspec
I, [2014-01-06T09:27:58.847295 #30327]  INFO -- : 0:  will_paginate (3.0.5) from /home/ismael/.rbenv/versions/2.1.0/lib/ruby/gems/2.1.0/specifications/will_paginate-3.0.5.gemspec
I, [2014-01-06T09:27:58.847541 #30327]  INFO -- : 0:  ya2yaml (0.31) from /home/ismael/.rbenv/versions/2.1.0/lib/ruby/gems/2.1.0/specifications/ya2yaml-0.31.gemspec
